<?xml version="1.0" encoding="utf-8" standalone="no"?>
<test-run id="2" testcasecount="4" result="Failed" total="4" passed="2" failed="1" inconclusive="0" skipped="1" asserts="0" engine-version="3.7.0.0" clr-version="4.0.30319.42000" start-time="2018-06-09 11:57:43Z" end-time="2018-06-09 11:57:44Z" duration="0.723830">
  <command-line><![CDATA[..\packages\NUnit.ConsoleRunner.3.7.0\tools\nunit3-console.exe  ..\Bin\x64\Debug\TEST.dll]]></command-line>
  <test-suite type="Assembly" id="0-1008" name="TEST.dll" fullname="D:\IDMS_Branch_Tests\FUNC\Framework_CSharp\Bin\x64\Debug\TEST.dll" runstate="Runnable" testcasecount="4" result="Failed" site="Child" start-time="2018-06-09 11:57:44Z" end-time="2018-06-09 11:57:44Z" duration="0.104969" total="4" passed="2" failed="1" warnings="0" inconclusive="0" skipped="1" asserts="0">
    <environment framework-version="3.7.1.0" clr-version="4.0.30319.42000" os-version="Microsoft Windows NT 10.0.17134.0" platform="Win32NT" cwd="D:\IDMS_Branch_Tests\FUNC\Framework_CSharp\Run" machine-name="MSALIVONOV-GE" user="GEDC_MSalivonov" user-domain="GEDC" culture="en-US" uiculture="en-US" os-architecture="x64" />
    <settings>
      <setting name="DisposeRunners" value="True" />
      <setting name="WorkDirectory" value="D:\IDMS_Branch_Tests\FUNC\Framework_CSharp\Run" />
      <setting name="ImageRuntimeVersion" value="4.0.30319" />
      <setting name="ImageTargetFrameworkName" value=".NETFramework,Version=v4.5.2" />
      <setting name="ImageRequiresX86" value="False" />
      <setting name="ImageRequiresDefaultAppDomainAssemblyResolver" value="False" />
      <setting name="NumberOfTestWorkers" value="4" />
    </settings>
    <properties>
      <property name="_PID" value="17664" />
      <property name="_APPDOMAIN" value="domain-" />
    </properties>
    <failure>
      <message><![CDATA[One or more child tests had errors]]></message>
    </failure>
    <test-suite type="TestSuite" id="0-1009" name="CurrentDev" fullname="CurrentDev" runstate="Runnable" testcasecount="4" result="Failed" site="Child" start-time="2018-06-09 11:57:44Z" end-time="2018-06-09 11:57:44Z" duration="0.079831" total="4" passed="2" failed="1" warnings="0" inconclusive="0" skipped="1" asserts="0">
      <failure>
        <message><![CDATA[One or more child tests had errors]]></message>
      </failure>
      <test-suite type="TestSuite" id="0-1010" name="TEST" fullname="CurrentDev.TEST" runstate="Runnable" testcasecount="4" result="Failed" site="Child" start-time="2018-06-09 11:57:44Z" end-time="2018-06-09 11:57:44Z" duration="0.075837" total="4" passed="2" failed="1" warnings="0" inconclusive="0" skipped="1" asserts="0">
        <failure>
          <message><![CDATA[One or more child tests had errors]]></message>
        </failure>
        <test-suite type="TestSuite" id="0-1011" name="Tests" fullname="CurrentDev.TEST.Tests" runstate="Runnable" testcasecount="4" result="Failed" site="Child" start-time="2018-06-09 11:57:44Z" end-time="2018-06-09 11:57:44Z" duration="0.071822" total="4" passed="2" failed="1" warnings="0" inconclusive="0" skipped="1" asserts="0">
          <failure>
            <message><![CDATA[One or more child tests had errors]]></message>
          </failure>
          <test-suite type="TestFixture" id="0-1006" name="Test2" fullname="CurrentDev.TEST.Tests.Test2" classname="CurrentDev.TEST.Tests.Test2" runstate="Runnable" testcasecount="1" result="Passed" start-time="2018-06-09 11:57:44Z" end-time="2018-06-09 11:57:44Z" duration="0.022532" total="1" passed="1" failed="0" warnings="0" inconclusive="0" skipped="0" asserts="0">
            <test-case id="0-1007" name="TestWillPassed" fullname="CurrentDev.TEST.Tests.Test2.TestWillPassed" methodname="TestWillPassed" classname="CurrentDev.TEST.Tests.Test2" runstate="Runnable" seed="1868283490" result="Passed" start-time="2018-06-09 11:57:44Z" end-time="2018-06-09 11:57:44Z" duration="0.007179" asserts="0">
              <output><![CDATA[Some text
Some text
Some text
Some text
Some text
Some text
Some text
]]></output>
            </test-case>
          </test-suite>
          <test-suite type="TestFixture" id="0-1004" name="Test3" fullname="CurrentDev.TEST.Tests.Test3" classname="CurrentDev.TEST.Tests.Test3" runstate="Runnable" testcasecount="1" result="Passed" start-time="2018-06-09 11:57:44Z" end-time="2018-06-09 11:57:44Z" duration="0.021983" total="1" passed="1" failed="0" warnings="0" inconclusive="0" skipped="0" asserts="0">
            <test-case id="0-1005" name="TestWillPassed2" fullname="CurrentDev.TEST.Tests.Test3.TestWillPassed2" methodname="TestWillPassed2" classname="CurrentDev.TEST.Tests.Test3" runstate="Runnable" seed="1860886383" result="Passed" start-time="2018-06-09 11:57:44Z" end-time="2018-06-09 11:57:44Z" duration="0.018600" asserts="0">
              <output><![CDATA[Some text
Some text
Some text
Some text
Some text
Some text
Some text
]]></output>
            </test-case>
          </test-suite>
          <test-suite type="TestFixture" id="0-1002" name="Test4" fullname="CurrentDev.TEST.Tests.Test4" classname="CurrentDev.TEST.Tests.Test4" runstate="Runnable" testcasecount="1" result="Skipped" label="Ignored" start-time="2018-06-09 11:57:44Z" end-time="2018-06-09 11:57:44Z" duration="0.005073" total="1" passed="0" failed="0" warnings="0" inconclusive="0" skipped="1" asserts="0">
            <reason>
              <message><![CDATA[One or more child tests were ignored]]></message>
            </reason>
            <test-case id="0-1003" name="TestWillSkipped" fullname="CurrentDev.TEST.Tests.Test4.TestWillSkipped" methodname="TestWillSkipped" classname="CurrentDev.TEST.Tests.Test4" runstate="Runnable" seed="1481493222" result="Skipped" label="Ignored" start-time="2018-06-09 11:57:44Z" end-time="2018-06-09 11:57:44Z" duration="0.001747" asserts="0">
              <output><![CDATA[Some text
Some text
Some text
Some text
Some text
Some text
Some text
]]></output>
            </test-case>
          </test-suite>
          <test-suite type="TestFixture" id="0-1000" name="Test5" fullname="CurrentDev.TEST.Tests.Test5" classname="CurrentDev.TEST.Tests.Test5" runstate="Runnable" testcasecount="1" result="Failed" site="Child" start-time="2018-06-09 11:57:44Z" end-time="2018-06-09 11:57:44Z" duration="0.005977" total="1" passed="0" failed="1" warnings="0" inconclusive="0" skipped="0" asserts="0">
            <failure>
              <message><![CDATA[One or more child tests had errors]]></message>
            </failure>
            <test-case id="0-1001" name="TestWillFailed" fullname="CurrentDev.TEST.Tests.Test5.TestWillFailed" methodname="TestWillFailed" classname="CurrentDev.TEST.Tests.Test5" runstate="Runnable" seed="1274260532" result="Failed" start-time="2018-06-09 11:57:44Z" end-time="2018-06-09 11:57:44Z" duration="0.002168" asserts="0">
              <failure>
                <stack-trace><![CDATA[at CurrentDev.TEST.Tests.Test5.TestWillFailed() in D:\IDMS_Branch_Tests\FUNC\Framework_CSharp\TestGroups\TEST\Tests\Test5.cs:line 20
]]></stack-trace>
              </failure>
              <output><![CDATA[Some text
Some text
Some text
Some text
Some text
Some text
Some text
]]></output>
              <assertions>
                <assertion result="Failed">
                  <message><![CDATA[]]></message>
                  <stack-trace><![CDATA[at CurrentDev.TEST.Tests.Test5.TestWillFailed() in D:\IDMS_Branch_Tests\FUNC\Framework_CSharp\TestGroups\TEST\Tests\Test5.cs:line 20
]]></stack-trace>
                </assertion>
              </assertions>
            </test-case>
          </test-suite>
        </test-suite>
      </test-suite>
    </test-suite>
  </test-suite>
</test-run>